2025-05-23 18:35:59,030 - INFO - RMSE: 0.1094, MAE: 0.0530
2025-05-23 20:42:18,551 - INFO - Cargando datos para entrenamiento...
2025-05-23 21:02:23,095 - INFO - Cargando datos para entrenamiento...
2025-05-23 21:02:23,387 - INFO - Iniciando validación cruzada temporal con 5 splits...
2025-05-23 21:02:24,534 - INFO - Fold 1 - RMSE: 0.0159, MAE: 0.0102
2025-05-23 21:02:25,889 - INFO - Fold 2 - RMSE: 0.0345, MAE: 0.0168
2025-05-23 21:02:28,100 - INFO - Fold 3 - RMSE: 0.0203, MAE: 0.0143
2025-05-23 21:02:30,484 - INFO - Fold 4 - RMSE: 0.0076, MAE: 0.0056
2025-05-23 21:02:33,618 - INFO - Fold 5 - RMSE: 0.1198, MAE: 0.0626
2025-05-23 21:02:33,620 - INFO - RMSE promedio: 0.0396, MAE promedio: 0.0219
2025-05-23 21:02:37,116 - INFO - Modelo final entrenado y guardado en src/XRP/static/models/model.pkl
2025-05-23 21:02:37,125 - INFO - Cargando modelo para predicción...
2025-05-23 21:02:37,254 - INFO - No se proporcionaron datos de entrada, usando últimas 30 filas para predecir...
2025-05-23 21:02:37,315 - INFO - Realizando predicciones para 30 muestras...
2025-05-23 21:16:11,572 - INFO - Cargando datos para entrenamiento...
2025-05-23 21:16:11,880 - INFO - Iniciando validación cruzada temporal con 5 splits...
2025-05-23 21:16:14,216 - INFO - Fold 1 - RMSE: 0.0159, MAE: 0.0102
2025-05-23 21:16:15,647 - INFO - Fold 2 - RMSE: 0.0345, MAE: 0.0168
2025-05-23 21:16:17,765 - INFO - Fold 3 - RMSE: 0.0203, MAE: 0.0143
2025-05-23 21:16:20,434 - INFO - Fold 4 - RMSE: 0.0076, MAE: 0.0056
2025-05-23 21:16:23,321 - INFO - Fold 5 - RMSE: 0.1198, MAE: 0.0626
2025-05-23 21:16:23,322 - INFO - RMSE promedio: 0.0396, MAE promedio: 0.0219
2025-05-23 21:16:26,946 - INFO - Modelo final entrenado y guardado en src/XRP/static/models/model.pkl
2025-05-23 21:16:26,960 - INFO - Cargando modelo para predicción...
2025-05-23 21:16:27,115 - INFO - No se proporcionaron datos de entrada, usando últimas 30 filas para predecir...
2025-05-23 21:16:27,174 - INFO - Realizando predicciones para 30 muestras...
2025-05-23 21:47:36,823 - INFO - Cargando datos para entrenamiento...
2025-05-23 21:47:37,074 - INFO - Iniciando validación cruzada temporal con 5 splits...
2025-05-23 21:47:37,887 - INFO - Fold 1 - RMSE: 0.0159, MAE: 0.0102
2025-05-23 21:47:39,298 - INFO - Fold 2 - RMSE: 0.0345, MAE: 0.0168
2025-05-23 21:47:40,612 - INFO - Fold 3 - RMSE: 0.0203, MAE: 0.0143
2025-05-23 21:47:42,324 - INFO - Fold 4 - RMSE: 0.0076, MAE: 0.0056
2025-05-23 21:47:44,488 - INFO - Fold 5 - RMSE: 0.1198, MAE: 0.0626
2025-05-23 21:47:44,489 - INFO - RMSE promedio: 0.0396, MAE promedio: 0.0219
2025-05-23 21:47:47,265 - INFO - Modelo final entrenado y guardado en src/XRP/static/models/model.pkl
2025-05-23 21:47:47,277 - INFO - Cargando modelo para predicción...
2025-05-23 21:47:47,449 - INFO - No se proporcionaron datos de entrada, usando últimas 30 filas para predecir...
2025-05-23 21:47:47,500 - INFO - Realizando predicciones para 30 muestras...
2025-05-23 22:07:14,501 - INFO - Cargando datos para entrenamiento...
2025-05-23 22:07:14,729 - INFO - Iniciando validación cruzada temporal con 5 splits...
2025-05-23 22:07:15,283 - INFO - Fold 1 - RMSE: 0.0159, MAE: 0.0102
2025-05-23 22:07:16,534 - INFO - Fold 2 - RMSE: 0.0345, MAE: 0.0168
2025-05-23 22:07:18,210 - INFO - Fold 3 - RMSE: 0.0203, MAE: 0.0143
2025-05-23 22:07:20,032 - INFO - Fold 4 - RMSE: 0.0076, MAE: 0.0056
2025-05-23 22:07:22,485 - INFO - Fold 5 - RMSE: 0.1198, MAE: 0.0626
2025-05-23 22:07:22,486 - INFO - RMSE promedio: 0.0396, MAE promedio: 0.0219
2025-05-23 22:07:25,927 - INFO - Modelo final entrenado y guardado en src/XRP/static/models/model.pkl
2025-05-23 22:07:25,942 - INFO - Cargando modelo para predicción...
2025-05-23 22:07:26,175 - INFO - No se proporcionaron datos de entrada, usando últimas 30 filas para predecir...
2025-05-23 22:07:26,254 - INFO - Realizando predicciones para 30 muestras...
2025-05-23 22:11:16,987 - INFO - Cargando datos para entrenamiento...
2025-05-23 22:11:17,309 - INFO - Iniciando validación cruzada temporal con 5 splits...
2025-05-23 22:11:17,843 - INFO - Fold 1 - RMSE: 0.0159, MAE: 0.0102
2025-05-23 22:11:19,082 - INFO - Fold 2 - RMSE: 0.0345, MAE: 0.0168
2025-05-23 22:11:20,418 - INFO - Fold 3 - RMSE: 0.0203, MAE: 0.0143
2025-05-23 22:11:22,112 - INFO - Fold 4 - RMSE: 0.0076, MAE: 0.0056
2025-05-23 22:11:24,226 - INFO - Fold 5 - RMSE: 0.1198, MAE: 0.0626
2025-05-23 22:11:24,227 - INFO - RMSE promedio: 0.0396, MAE promedio: 0.0219
2025-05-23 22:11:26,945 - INFO - Modelo final entrenado y guardado en src/XRP/static/models/model.pkl
2025-05-23 22:11:26,954 - INFO - Cargando modelo para predicción...
2025-05-23 22:11:27,079 - INFO - No se proporcionaron datos de entrada, usando últimas 30 filas para predecir...
2025-05-23 22:11:27,134 - INFO - Realizando predicciones para 30 muestras...
2025-05-23 22:15:13,705 - INFO - Cargando datos para entrenamiento...
2025-05-23 22:15:13,875 - INFO - Iniciando validación cruzada temporal con 5 splits...
2025-05-23 22:15:14,440 - INFO - Fold 1 - RMSE: 0.0159, MAE: 0.0102
2025-05-23 22:15:15,369 - INFO - Fold 2 - RMSE: 0.0345, MAE: 0.0168
2025-05-23 22:15:16,691 - INFO - Fold 3 - RMSE: 0.0203, MAE: 0.0143
2025-05-23 22:15:18,379 - INFO - Fold 4 - RMSE: 0.0076, MAE: 0.0056
2025-05-23 22:15:20,513 - INFO - Fold 5 - RMSE: 0.1198, MAE: 0.0626
2025-05-23 22:15:20,514 - INFO - RMSE promedio: 0.0396, MAE promedio: 0.0219
2025-05-23 22:15:24,624 - INFO - Modelo final entrenado y guardado en src\XRP\static\models\model.pkl
2025-05-23 22:15:24,647 - INFO - Cargando modelo para predicción...
2025-05-23 22:15:24,900 - INFO - No se proporcionaron datos de entrada, usando últimas 30 filas para predecir...
2025-05-23 22:15:25,009 - INFO - Realizando predicciones para 30 muestras...
2025-05-23 22:31:16,222 - INFO - Cargando datos para entrenamiento...
2025-05-23 22:31:16,747 - INFO - Iniciando validación cruzada temporal con 5 splits...
2025-05-23 22:31:18,266 - INFO - Fold 1 - RMSE: 0.0159, MAE: 0.0102
2025-05-23 22:31:19,630 - INFO - Fold 2 - RMSE: 0.0345, MAE: 0.0168
2025-05-23 22:31:21,102 - INFO - Fold 3 - RMSE: 0.0203, MAE: 0.0143
2025-05-23 22:31:22,996 - INFO - Fold 4 - RMSE: 0.0076, MAE: 0.0056
2025-05-23 22:31:25,420 - INFO - Fold 5 - RMSE: 0.1198, MAE: 0.0626
2025-05-23 22:31:25,421 - INFO - RMSE promedio: 0.0396, MAE promedio: 0.0219
2025-05-23 22:31:28,291 - INFO - Modelo final entrenado y guardado en src\XRP\static\models\model.pkl
2025-05-23 22:31:28,304 - INFO - Cargando modelo para predicción...
2025-05-23 22:31:28,495 - INFO - No se proporcionaron datos de entrada, usando últimas 30 filas para predecir...
2025-05-23 22:31:28,539 - INFO - Realizando predicciones para 30 muestras...
2025-05-24 03:59:52,647 - INFO - Cargando datos para entrenamiento...
2025-05-24 03:59:52,703 - INFO - Iniciando validación cruzada temporal con 5 splits...
2025-05-24 03:59:52,909 - INFO - Fold 1 - RMSE: 0.0129, MAE: 0.0079
2025-05-24 03:59:53,258 - INFO - Fold 2 - RMSE: 0.0353, MAE: 0.0169
2025-05-24 03:59:53,766 - INFO - Fold 3 - RMSE: 0.0202, MAE: 0.0140
2025-05-24 03:59:54,405 - INFO - Fold 4 - RMSE: 0.0075, MAE: 0.0055
2025-05-24 03:59:55,209 - INFO - Fold 5 - RMSE: 0.1261, MAE: 0.0644
2025-05-24 03:59:55,209 - INFO - RMSE promedio: 0.0404, MAE promedio: 0.0218
2025-05-24 03:59:56,215 - INFO - Modelo final entrenado y guardado en src\XRP\static\models\model.pkl
2025-05-24 03:59:56,218 - INFO - Cargando modelo para predicción...
2025-05-24 03:59:56,246 - INFO - No se proporcionaron datos de entrada, usando últimas 30 filas para predecir...
2025-05-24 03:59:56,266 - INFO - Realizando predicciones para 30 muestras...
2025-05-25 02:38:36,520 - INFO - Cargando datos para entrenamiento...
2025-05-25 02:38:36,569 - INFO - Iniciando validación cruzada temporal con 5 splits...
2025-05-25 02:38:36,775 - INFO - Fold 1 - RMSE: 0.0129, MAE: 0.0080
2025-05-25 02:38:37,134 - INFO - Fold 2 - RMSE: 0.0354, MAE: 0.0169
2025-05-25 02:38:37,633 - INFO - Fold 3 - RMSE: 0.0206, MAE: 0.0143
2025-05-25 02:38:38,278 - INFO - Fold 4 - RMSE: 0.0075, MAE: 0.0056
2025-05-25 02:38:39,092 - INFO - Fold 5 - RMSE: 0.1149, MAE: 0.0587
2025-05-25 02:38:39,093 - INFO - RMSE promedio: 0.0383, MAE promedio: 0.0207
2025-05-25 02:38:40,118 - INFO - Modelo guardado en src\XRP\static\models\model.pkl
2025-05-25 02:38:40,121 - INFO - Cargando modelo para predicción...
2025-05-25 02:38:40,150 - INFO - Usando últimas 30 filas para predecir...
